<?xml version="1.0" encoding="utf-8"?><testsuites name="pytest tests"><testsuite name="pytest" errors="0" failures="0" skipped="0" tests="20" time="2.363" timestamp="2026-06-21T06:11:52.323180+00:00" hostname="agent-env-c5e118c2-8f21-40de-b0c4-6224be006660"><testcase classname="backend.tests.backend_test.TestAuth" name="test_register_new_user" time="0.440" /><testcase classname="backend.tests.backend_test.TestAuth" name="test_register_duplicate_email_400" time="0.039" /><testcase classname="backend.tests.backend_test.TestAuth" name="test_login_success" time="0.262" /><testcase classname="backend.tests.backend_test.TestAuth" name="test_login_wrong_password_400" time="0.301" /><testcase classname="backend.tests.backend_test.TestAuth" name="test_me_with_token" time="0.042" /><testcase classname="backend.tests.backend_test.TestAuth" name="test_me_without_token_401" time="0.079" /><testcase classname="backend.tests.backend_test.TestVehicles" name="test_list_all_vehicles" time="0.040" /><testcase classname="backend.tests.backend_test.TestVehicles" name="test_filter_by_type_car" time="0.042" /><testcase classname="backend.tests.backend_test.TestVehicles" name="test_filter_by_type_bike" time="0.040" /><testcase classname="backend.tests.backend_test.TestVehicles" name="test_search_query_tesla" time="0.039" /><testcase classname="backend.tests.backend_test.TestVehicles" name="test_get_vehicle_by_id" time="0.083" /><testcase classname="backend.tests.backend_test.TestVehicles" name="test_get_vehicle_not_found" time="0.080" /><testcase classname="backend.tests.backend_test.TestVehicles" name="test_list_requires_auth" time="0.078" /><testcase classname="backend.tests.backend_test.TestBookings" name="test_create_booking" time="0.218" /><testcase classname="backend.tests.backend_test.TestBookings" name="test_list_my_bookings" time="0.038" /><testcase classname="backend.tests.backend_test.TestBookings" name="test_start_trip" time="0.122" /><testcase classname="backend.tests.backend_test.TestBookings" name="test_end_trip" time="0.119" /><testcase classname="backend.tests.backend_test.TestNotifications" name="test_list_notifications_has_booking_confirmed" time="0.044" /><testcase classname="backend.tests.backend_test.TestKYC" name="test_kyc_verify" time="0.075" /><testcase classname="backend.tests.backend_test.TestOwnerStats" name="test_owner_stats" time="0.040" /></testsuite></testsuites>